                                 Started job on |	Mar 24 13:35:53
                             Started mapping on |	Mar 24 13:35:54
                                    Finished on |	Mar 24 13:36:16
       Mapping speed, Million of reads per hour |	30.25

                          Number of input reads |	184877
                      Average input read length |	27
                                    UNIQUE READS:
                   Uniquely mapped reads number |	5852
                        Uniquely mapped reads % |	3.17%
                          Average mapped length |	25.17
                       Number of splices: Total |	0
            Number of splices: Annotated (sjdb) |	0
                       Number of splices: GT/AG |	0
                       Number of splices: GC/AG |	0
                       Number of splices: AT/AC |	0
               Number of splices: Non-canonical |	0
                      Mismatch rate per base, % |	2.37%
                         Deletion rate per base |	0.01%
                        Deletion average length |	1.00
                        Insertion rate per base |	0.00%
                       Insertion average length |	1.00
                             MULTI-MAPPING READS:
        Number of reads mapped to multiple loci |	8434
             % of reads mapped to multiple loci |	4.56%
        Number of reads mapped to too many loci |	1468
             % of reads mapped to too many loci |	0.79%
                                  UNMAPPED READS:
  Number of reads unmapped: too many mismatches |	0
       % of reads unmapped: too many mismatches |	0.00%
            Number of reads unmapped: too short |	121671
                 % of reads unmapped: too short |	65.81%
                Number of reads unmapped: other |	47452
                     % of reads unmapped: other |	25.67%
                                  CHIMERIC READS:
                       Number of chimeric reads |	0
                            % of chimeric reads |	0.00%
