                                 Started job on |	Mar 24 13:36:16
                             Started mapping on |	Mar 24 13:36:17
                                    Finished on |	Mar 24 13:36:41
       Mapping speed, Million of reads per hour |	29.00

                          Number of input reads |	193329
                      Average input read length |	28
                                    UNIQUE READS:
                   Uniquely mapped reads number |	5529
                        Uniquely mapped reads % |	2.86%
                          Average mapped length |	27.46
                       Number of splices: Total |	0
            Number of splices: Annotated (sjdb) |	0
                       Number of splices: GT/AG |	0
                       Number of splices: GC/AG |	0
                       Number of splices: AT/AC |	0
               Number of splices: Non-canonical |	0
                      Mismatch rate per base, % |	1.89%
                         Deletion rate per base |	0.00%
                        Deletion average length |	1.00
                        Insertion rate per base |	0.02%
                       Insertion average length |	1.00
                             MULTI-MAPPING READS:
        Number of reads mapped to multiple loci |	8144
             % of reads mapped to multiple loci |	4.21%
        Number of reads mapped to too many loci |	2284
             % of reads mapped to too many loci |	1.18%
                                  UNMAPPED READS:
  Number of reads unmapped: too many mismatches |	0
       % of reads unmapped: too many mismatches |	0.00%
            Number of reads unmapped: too short |	130834
                 % of reads unmapped: too short |	67.67%
                Number of reads unmapped: other |	46538
                     % of reads unmapped: other |	24.07%
                                  CHIMERIC READS:
                       Number of chimeric reads |	0
                            % of chimeric reads |	0.00%
